<?xml version="1.0" encoding="UTF-8"?>
<!-- Generated by org.testng.reporters.JUnitXMLReporter -->
<testsuite hostname="DESKTOP-S3OQJFC" name="Test" tests="3" failures="2" timestamp="10 Mar 2021 05:23:31 GMT" time="28.11" errors="0">
  <testcase name="verifyLogin" time="4.177" classname="tests.HomePageTests">
    <failure type="java.lang.AssertionError" message="Already Registered Section not present.. expected [Already registered?] but found [ALREADY REGISTERED?]">
      <![CDATA[java.lang.AssertionError: Already Registered Section not present.. expected [Already registered?] but found [ALREADY REGISTERED?]
	at tests.HomePageTests.verifyLogin(HomePageTests.java:22)
... Removed 29 stack frames]]>
    </failure>
  </testcase> <!-- verifyLogin -->
  <testcase name="resetPassword" time="4.873" classname="tests.HomePageTests"/>
  <testcase name="verifyRegistration" time="0.001" classname="tests.RegistrationTests">
    <failure type="java.lang.NullPointerException">
      <![CDATA[java.lang.NullPointerException
	at tests.RegistrationTests.verifyRegistration(RegistrationTests.java:16)
... Removed 24 stack frames]]>
    </failure>
  </testcase> <!-- verifyRegistration -->
</testsuite> <!-- Test -->
