<?xml version="1.0" encoding="UTF-8"?>
<!-- Generated by org.testng.reporters.JUnitXMLReporter -->
<testsuite hostname="DESKTOP-S3OQJFC" name="Test" tests="3" failures="2" timestamp="12 Mar 2021 06:07:22 GMT" time="31.225" errors="0">
  <testcase name="verifyLogin" time="3.951" classname="tests.HomePageTests">
    <failure type="java.lang.AssertionError" message="Already Registered Section not present.. expected [Already registered?] but found [ALREADY REGISTERED?]">
      <![CDATA[java.lang.AssertionError: Already Registered Section not present.. expected [Already registered?] but found [ALREADY REGISTERED?]
	at tests.HomePageTests.verifyLogin(HomePageTests.java:22)
... Removed 33 stack frames]]>
    </failure>
  </testcase> <!-- verifyLogin -->
  <testcase name="resetPassword" time="4.942" classname="tests.HomePageTests"/>
  <testcase name="verifyRegistration" time="0.002" classname="tests.RegistrationTests">
    <failure type="java.lang.NullPointerException">
      <![CDATA[java.lang.NullPointerException
	at tests.RegistrationTests.verifyRegistration(RegistrationTests.java:16)
... Removed 28 stack frames]]>
    </failure>
  </testcase> <!-- verifyRegistration -->
</testsuite> <!-- Test -->
